Using pre-set license
Built from '2020.3/staging' branch; Version is '2020.3.8f1 (507919d4fff5) revision 5273881'; Using compiler version '192528614'; Build Type 'Release'
OS: 'Windows 10 Education; OS build 19043.1526; Version 2009; 64bit' Language: 'en' Physical Memory: 32603 MB
BatchMode: 1, IsHumanControllingUs: 0, StartBugReporterOnCrash: 0, Is64bit: 1, IsPro: 0

 COMMAND LINE ARGUMENTS:
C:\Program Files\Unity\Editor\Unity.exe
-adb2
-batchMode
-noUpm
-name
AssetImportWorker0
-projectPath
C:/Users/700764/Documents/Unity/Points2DHerreraJoey
-logFile
Logs/AssetImportWorker0.log
-srvPort
52739
Successfully changed project path to: C:/Users/700764/Documents/Unity/Points2DHerreraJoey
C:/Users/700764/Documents/Unity/Points2DHerreraJoey
Using Asset Import Pipeline V2.
Refreshing native plugins compatible for Editor in 30.35 ms, found 1 plugins.
Preloading 0 native plugins for Editor in 0.00 ms.
Initialize engine version: 2020.3.8f1 (507919d4fff5)
[Subsystems] Discovering subsystems at path C:/Program Files/Unity/Editor/Data/Resources/UnitySubsystems
[Subsystems] Discovering subsystems at path C:/Users/700764/Documents/Unity/Points2DHerreraJoey/Assets
GfxDevice: creating device client; threaded=0
Direct3D:
    Version:  Direct3D 11.0 [level 11.1]
    Renderer: NVIDIA GeForce RTX 2070 Super with Max-Q Design (ID=0x1ed1)
    Vendor:   
    VRAM:     8011 MB
    Driver:   27.21.14.5720
Initialize mono
Mono path[0] = 'C:/Program Files/Unity/Editor/Data/Managed'
Mono path[1] = 'C:/Program Files/Unity/Editor/Data/MonoBleedingEdge/lib/mono/unityjit'
Mono config path = 'C:/Program Files/Unity/Editor/Data/MonoBleedingEdge/etc'
Using monoOptions --debugger-agent=transport=dt_socket,embedding=1,server=y,suspend=n,address=127.0.0.1:56556
Begin MonoManager ReloadAssembly
Registering precompiled unity dll's ...
Register platform support module: C:/Program Files/Unity/Editor/Data/PlaybackEngines/WebGLSupport/UnityEditor.WebGL.Extensions.dll
Register platform support module: C:/Program Files/Unity/Editor/Data/PlaybackEngines/MacStandaloneSupport/UnityEditor.OSXStandalone.Extensions.dll
Register platform support module: C:/Program Files/Unity/Editor/Data/PlaybackEngines/WindowsStandaloneSupport/UnityEditor.WindowsStandalone.Extensions.dll
Registered in 0.002316 seconds.
Native extension for WindowsStandalone target not found
Native extension for OSXStandalone target not found
Native extension for WebGL target not found
Refreshing native plugins compatible for Editor in 34.18 ms, found 1 plugins.
Preloading 0 native plugins for Editor in 0.00 ms.
Mono: successfully reloaded assembly
- Completed reload, in  1.010 seconds
Platform modules already initialized, skipping
Registering precompiled user dll's ...
Registered in 0.001040 seconds.
Begin MonoManager ReloadAssembly
Native extension for WindowsStandalone target not found
Native extension for OSXStandalone target not found
Native extension for WebGL target not found
Refreshing native plugins compatible for Editor in 30.35 ms, found 1 plugins.
Preloading 0 native plugins for Editor in 0.00 ms.
Mono: successfully reloaded assembly
- Completed reload, in  0.798 seconds
Platform modules already initialized, skipping
========================================================================
Worker process is ready to serve import requests
Launched and connected shader compiler UnityShaderCompiler.exe after 0.06 seconds
Refreshing native plugins compatible for Editor in 0.32 ms, found 1 plugins.
Preloading 0 native plugins for Editor in 0.00 ms.
Unloading 1811 Unused Serialized files (Serialized files now loaded: 0)
System memory in use before: 85.8 MB.
System memory in use after: 85.8 MB.

Unloading 24 unused Assets to reduce memory usage. Loaded Objects now: 2259.
Total: 1.943800 ms (FindLiveObjects: 0.165000 ms CreateObjectMapping: 0.054800 ms MarkObjects: 1.622600 ms  DeleteObjects: 0.100400 ms)

========================================================================
Received Import Request.
  path: Assets/Materials/Dirt.mat
  artifactKey: Guid(0cb125002887317488bbbad6ff3797fd) Importer(815301076,1909f56bfc062723c751e8b465ee728b)
Start importing Assets/Materials/Dirt.mat using Guid(0cb125002887317488bbbad6ff3797fd) Importer(815301076,1909f56bfc062723c751e8b465ee728b)  -> (artifact id: 'd904b5ba03325ace48579db2d2730fd7') in 0.089090 seconds
  Import took 0.091448 seconds .

========================================================================
Received Import Request.
  Time since last request: 0.000293 seconds.
  path: Assets/Materials/LargeTank.mat
  artifactKey: Guid(56b9047b5c665344991a0c3c454f6bfa) Importer(815301076,1909f56bfc062723c751e8b465ee728b)
Start importing Assets/Materials/LargeTank.mat using Guid(56b9047b5c665344991a0c3c454f6bfa) Importer(815301076,1909f56bfc062723c751e8b465ee728b)  -> (artifact id: '05ae09ca0f7ca982eb91d0b2ce43f4bb') in 0.035079 seconds
  Import took 0.037558 seconds .

========================================================================
Received Import Request.
  Time since last request: 16.248946 seconds.
  path: Assets/Textures/Dirt.png
  artifactKey: Guid(251e544f0d66d334b9dbb3a5ff020b23) Importer(815301076,1909f56bfc062723c751e8b465ee728b)
Start importing Assets/Textures/Dirt.png using Guid(251e544f0d66d334b9dbb3a5ff020b23) Importer(815301076,1909f56bfc062723c751e8b465ee728b)  -> (artifact id: '50c3faf012d3850ce21a344726b72d53') in 0.052991 seconds
  Import took 0.055877 seconds .

========================================================================
Received Import Request.
  Time since last request: 0.000234 seconds.
  path: Assets/Textures/LargeTank.png
  artifactKey: Guid(0424676efd6c39b43b4b9b501cb5fb29) Importer(815301076,1909f56bfc062723c751e8b465ee728b)
Start importing Assets/Textures/LargeTank.png using Guid(0424676efd6c39b43b4b9b501cb5fb29) Importer(815301076,1909f56bfc062723c751e8b465ee728b)  -> (artifact id: '977028e1086df1f6d2e39d3a53ccc3ed') in 0.009411 seconds
  Import took 0.011875 seconds .

========================================================================
Received Import Request.
  Time since last request: 0.000216 seconds.
  path: Assets/Textures/Fuel-icon.png
  artifactKey: Guid(6976ccfd2aaa1814b84cd243f79e04f4) Importer(815301076,1909f56bfc062723c751e8b465ee728b)
Start importing Assets/Textures/Fuel-icon.png using Guid(6976ccfd2aaa1814b84cd243f79e04f4) Importer(815301076,1909f56bfc062723c751e8b465ee728b)  -> (artifact id: '9e65f885ba359c002607a4f031c63483') in 0.008673 seconds
  Import took 0.011418 seconds .

========================================================================
Received Import Request.
  Time since last request: 2.254732 seconds.
  path: Assets/Tree 1_Textures/diffuse.png
  artifactKey: Guid(30285a79a33b3964f9ad6cd5679e2a8f) Importer(815301076,1909f56bfc062723c751e8b465ee728b)
Start importing Assets/Tree 1_Textures/diffuse.png using Guid(30285a79a33b3964f9ad6cd5679e2a8f) Importer(815301076,1909f56bfc062723c751e8b465ee728b)  -> (artifact id: 'bf7e4e8f121634a82c08cffd8b281826') in 0.013865 seconds
  Import took 0.016633 seconds .

========================================================================
Received Import Request.
  Time since last request: 0.000264 seconds.
  path: Assets/Tree 1_Textures/translucency_gloss.png
  artifactKey: Guid(cd36d644cd0191940820c519806e8db1) Importer(815301076,1909f56bfc062723c751e8b465ee728b)
Start importing Assets/Tree 1_Textures/translucency_gloss.png using Guid(cd36d644cd0191940820c519806e8db1) Importer(815301076,1909f56bfc062723c751e8b465ee728b)  -> (artifact id: 'c09d933210eb560e2ad820f22491c39e') in 0.007381 seconds
  Import took 0.010174 seconds .

========================================================================
Received Import Request.
  Time since last request: 0.000150 seconds.
  path: Assets/Tree 1_Textures/shadow.png
  artifactKey: Guid(e463170284990ae49a04625b91cb3224) Importer(815301076,1909f56bfc062723c751e8b465ee728b)
Start importing Assets/Tree 1_Textures/shadow.png using Guid(e463170284990ae49a04625b91cb3224) Importer(815301076,1909f56bfc062723c751e8b465ee728b)  -> (artifact id: '78046ca2eca156d72909dfbabaca052f') in 0.008040 seconds
  Import took 0.010502 seconds .

========================================================================
Received Import Request.
  Time since last request: 0.000141 seconds.
  path: Assets/Tree 1_Textures/normal_specular.png
  artifactKey: Guid(46eb0f98eac75804099f298279bc9067) Importer(815301076,1909f56bfc062723c751e8b465ee728b)
Start importing Assets/Tree 1_Textures/normal_specular.png using Guid(46eb0f98eac75804099f298279bc9067) Importer(815301076,1909f56bfc062723c751e8b465ee728b)  -> (artifact id: '48aa3a434127fad2a4adb5ca047caefd') in 0.007652 seconds
  Import took 0.010240 seconds .

========================================================================
Received Import Request.
  Time since last request: 1.366812 seconds.
  path: Assets/Tree_Textures/diffuse.png
  artifactKey: Guid(29bbf90733a2cf244b4767cf55c36a27) Importer(815301076,1909f56bfc062723c751e8b465ee728b)
Start importing Assets/Tree_Textures/diffuse.png using Guid(29bbf90733a2cf244b4767cf55c36a27) Importer(815301076,1909f56bfc062723c751e8b465ee728b)  -> (artifact id: '9364588f0683fe385b3a447c7491ee34') in 0.006770 seconds
  Import took 0.009612 seconds .

========================================================================
Received Import Request.
  Time since last request: 0.000227 seconds.
  path: Assets/Tree_Textures/translucency_gloss.png
  artifactKey: Guid(383fb122e5baca649a1c6f47935af3ae) Importer(815301076,1909f56bfc062723c751e8b465ee728b)
Start importing Assets/Tree_Textures/translucency_gloss.png using Guid(383fb122e5baca649a1c6f47935af3ae) Importer(815301076,1909f56bfc062723c751e8b465ee728b)  -> (artifact id: 'a3b56d2b3288fb310d1fcc5448a30048') in 0.006696 seconds
  Import took 0.009112 seconds .

========================================================================
Received Import Request.
  Time since last request: 0.000206 seconds.
  path: Assets/Tree_Textures/normal_specular.png
  artifactKey: Guid(56d4fa9c7d57faa4a874bb18f2d45623) Importer(815301076,1909f56bfc062723c751e8b465ee728b)
Start importing Assets/Tree_Textures/normal_specular.png using Guid(56d4fa9c7d57faa4a874bb18f2d45623) Importer(815301076,1909f56bfc062723c751e8b465ee728b)  -> (artifact id: '8279a8b8056501344a22dbe458d08163') in 0.008417 seconds
  Import took 0.011192 seconds .

========================================================================
Received Import Request.
  Time since last request: 0.000218 seconds.
  path: Assets/Tree_Textures/shadow.png
  artifactKey: Guid(d2b61601a2e46fd468ade94a148ecaa7) Importer(815301076,1909f56bfc062723c751e8b465ee728b)
Start importing Assets/Tree_Textures/shadow.png using Guid(d2b61601a2e46fd468ade94a148ecaa7) Importer(815301076,1909f56bfc062723c751e8b465ee728b)  -> (artifact id: '6671ed8a3c1d0b5141a3593607c2651f') in 0.006596 seconds
  Import took 0.009142 seconds .

========================================================================
Received Import Request.
  Time since last request: 20.663340 seconds.
  path: Assets/Prefabs/Fuel.prefab
  artifactKey: Guid(003f94f93ca81d44abeb0a691d2b9629) Importer(815301076,1909f56bfc062723c751e8b465ee728b)
Start importing Assets/Prefabs/Fuel.prefab using Guid(003f94f93ca81d44abeb0a691d2b9629) Importer(815301076,1909f56bfc062723c751e8b465ee728b)  -> (artifact id: '4461f252efe383925c0717a0204d0746') in 0.015273 seconds
  Import took 0.017992 seconds .

========================================================================
Received Import Request.
  Time since last request: 63.738703 seconds.
  path: Assets/Distance
  artifactKey: Guid(afbfaa8f2033fe54cbab75d69efde08b) Importer(815301076,1909f56bfc062723c751e8b465ee728b)
Start importing Assets/Distance using Guid(afbfaa8f2033fe54cbab75d69efde08b) Importer(815301076,1909f56bfc062723c751e8b465ee728b)  -> (artifact id: 'a5b84dabda1fdf8506553d8ee2cdf52b') in 0.003768 seconds
  Import took 0.006324 seconds .

========================================================================
Received Import Request.
  Time since last request: 23.712288 seconds.
  path: Assets/Scenes/TankStarter.unity
  artifactKey: Guid(571359fbddd0a4f499f18e3f86f5be37) Importer(815301076,1909f56bfc062723c751e8b465ee728b)
Start importing Assets/Scenes/TankStarter.unity using Guid(571359fbddd0a4f499f18e3f86f5be37) Importer(815301076,1909f56bfc062723c751e8b465ee728b)  -> (artifact id: '2f4dee417eb721298eaff16e651e7a09') in 0.002985 seconds
  Import took 0.005615 seconds .

========================================================================
Received Import Request.
  Time since last request: 0.000275 seconds.
  path: Assets/Scenes/TankStarter.unity
  artifactKey: Guid(571359fbddd0a4f499f18e3f86f5be37) Importer(815301076,1909f56bfc062723c751e8b465ee728b)
Start importing Assets/Scenes/TankStarter.unity using Guid(571359fbddd0a4f499f18e3f86f5be37) Importer(815301076,1909f56bfc062723c751e8b465ee728b)  -> (artifact id: '2f4dee417eb721298eaff16e651e7a09') in 0.002758 seconds
  Import took 0.005893 seconds .

========================================================================
Received Prepare
Registering precompiled user dll's ...
Registered in 0.001469 seconds.
Begin MonoManager ReloadAssembly
Native extension for WindowsStandalone target not found
Native extension for OSXStandalone target not found
Native extension for WebGL target not found
Refreshing native plugins compatible for Editor in 0.33 ms, found 1 plugins.
Preloading 0 native plugins for Editor in 0.00 ms.
Mono: successfully reloaded assembly
- Completed reload, in  0.762 seconds
Platform modules already initialized, skipping
Refreshing native plugins compatible for Editor in 0.31 ms, found 1 plugins.
Preloading 0 native plugins for Editor in 0.00 ms.
Unloading 1806 Unused Serialized files (Serialized files now loaded: 0)
System memory in use before: 89.1 MB.
System memory in use after: 89.1 MB.

Unloading 12 unused Assets to reduce memory usage. Loaded Objects now: 2309.
Total: 1.665700 ms (FindLiveObjects: 0.156700 ms CreateObjectMapping: 0.058100 ms MarkObjects: 1.334900 ms  DeleteObjects: 0.115500 ms)

========================================================================
Received Import Request.
  Time since last request: 93.411339 seconds.
  path: Assets/Distance/Prefabs
  artifactKey: Guid(cd6a77c40b8da48489a1fca683efbad3) Importer(815301076,1909f56bfc062723c751e8b465ee728b)
Start importing Assets/Distance/Prefabs using Guid(cd6a77c40b8da48489a1fca683efbad3) Importer(815301076,1909f56bfc062723c751e8b465ee728b)  -> (artifact id: '756048c881153178295e6ea22ea17192') in 0.005366 seconds
  Import took 0.008699 seconds .

========================================================================
Received Import Request.
  Time since last request: 0.003984 seconds.
  path: Assets/Distance/Prefabs
  artifactKey: Guid(cd6a77c40b8da48489a1fca683efbad3) Importer(815301076,1909f56bfc062723c751e8b465ee728b)
Start importing Assets/Distance/Prefabs using Guid(cd6a77c40b8da48489a1fca683efbad3) Importer(815301076,1909f56bfc062723c751e8b465ee728b)  -> (artifact id: '756048c881153178295e6ea22ea17192') in 0.003200 seconds
  Import took 0.005923 seconds .

========================================================================
Received Prepare
Registering precompiled user dll's ...
Registered in 0.001535 seconds.
Begin MonoManager ReloadAssembly
Native extension for WindowsStandalone target not found
Native extension for OSXStandalone target not found
Native extension for WebGL target not found
Refreshing native plugins compatible for Editor in 0.30 ms, found 1 plugins.
Preloading 0 native plugins for Editor in 0.00 ms.
Mono: successfully reloaded assembly
- Completed reload, in  0.729 seconds
Platform modules already initialized, skipping
Refreshing native plugins compatible for Editor in 0.32 ms, found 1 plugins.
Preloading 0 native plugins for Editor in 0.00 ms.
Unloading 1806 Unused Serialized files (Serialized files now loaded: 0)
System memory in use before: 89.1 MB.
System memory in use after: 89.1 MB.

Unloading 12 unused Assets to reduce memory usage. Loaded Objects now: 2313.
Total: 1.619300 ms (FindLiveObjects: 0.147300 ms CreateObjectMapping: 0.058400 ms MarkObjects: 1.332000 ms  DeleteObjects: 0.081000 ms)

========================================================================
Received Prepare
Registering precompiled user dll's ...
Registered in 0.000982 seconds.
Begin MonoManager ReloadAssembly
Native extension for WindowsStandalone target not found
Native extension for OSXStandalone target not found
Native extension for WebGL target not found
Refreshing native plugins compatible for Editor in 0.37 ms, found 1 plugins.
Preloading 0 native plugins for Editor in 0.00 ms.
Mono: successfully reloaded assembly
- Completed reload, in  0.733 seconds
Platform modules already initialized, skipping
Refreshing native plugins compatible for Editor in 0.33 ms, found 1 plugins.
Preloading 0 native plugins for Editor in 0.00 ms.
Unloading 1806 Unused Serialized files (Serialized files now loaded: 0)
System memory in use before: 89.2 MB.
System memory in use after: 89.1 MB.

Unloading 12 unused Assets to reduce memory usage. Loaded Objects now: 2317.
Total: 1.757200 ms (FindLiveObjects: 0.166700 ms CreateObjectMapping: 0.057300 ms MarkObjects: 1.438600 ms  DeleteObjects: 0.094000 ms)

========================================================================
Received Import Request.
  Time since last request: 73.426422 seconds.
  path: Assets/Distance/New Folder
  artifactKey: Guid(2baf4e2a6ee512742bd199e5320796f0) Importer(815301076,1909f56bfc062723c751e8b465ee728b)
Start importing Assets/Distance/New Folder using Guid(2baf4e2a6ee512742bd199e5320796f0) Importer(815301076,1909f56bfc062723c751e8b465ee728b)  -> (artifact id: '4a0c69a467ee9e53d3bd968813360bb0') in 0.006727 seconds
  Import took 0.009246 seconds .

========================================================================
Received Import Request.
  Time since last request: 14.144756 seconds.
  path: Assets/Distance/Scripts
  artifactKey: Guid(2baf4e2a6ee512742bd199e5320796f0) Importer(815301076,1909f56bfc062723c751e8b465ee728b)
Start importing Assets/Distance/Scripts using Guid(2baf4e2a6ee512742bd199e5320796f0) Importer(815301076,1909f56bfc062723c751e8b465ee728b)  -> (artifact id: 'dc3ecd782d480b74eba183b85c7cb079') in 0.002418 seconds
  Import took 0.005178 seconds .

========================================================================
Received Prepare
Registering precompiled user dll's ...
Registered in 0.001036 seconds.
Begin MonoManager ReloadAssembly
Native extension for WindowsStandalone target not found
Native extension for OSXStandalone target not found
Native extension for WebGL target not found
Refreshing native plugins compatible for Editor in 0.33 ms, found 1 plugins.
Preloading 0 native plugins for Editor in 0.00 ms.
Mono: successfully reloaded assembly
- Completed reload, in  0.732 seconds
Platform modules already initialized, skipping
Refreshing native plugins compatible for Editor in 0.30 ms, found 1 plugins.
Preloading 0 native plugins for Editor in 0.00 ms.
Unloading 1806 Unused Serialized files (Serialized files now loaded: 0)
System memory in use before: 89.2 MB.
System memory in use after: 89.1 MB.

Unloading 12 unused Assets to reduce memory usage. Loaded Objects now: 2321.
Total: 2.008400 ms (FindLiveObjects: 0.216600 ms CreateObjectMapping: 0.070300 ms MarkObjects: 1.593300 ms  DeleteObjects: 0.127400 ms)

========================================================================
Received Import Request.
  Time since last request: 8.770476 seconds.
  path: Assets/Distance/Scripts/Drive.cs
  artifactKey: Guid(dd66f09ba5e34a64385556e34367d294) Importer(815301076,1909f56bfc062723c751e8b465ee728b)
Start importing Assets/Distance/Scripts/Drive.cs using Guid(dd66f09ba5e34a64385556e34367d294) Importer(815301076,1909f56bfc062723c751e8b465ee728b)  -> (artifact id: '2219cb269a18aa64c56a8b1f54f27330') in 0.021218 seconds
  Import took 0.023896 seconds .

========================================================================
Received Prepare
Registering precompiled user dll's ...
Registered in 0.001086 seconds.
Begin MonoManager ReloadAssembly
Native extension for WindowsStandalone target not found
Native extension for OSXStandalone target not found
Native extension for WebGL target not found
Refreshing native plugins compatible for Editor in 0.30 ms, found 1 plugins.
Preloading 0 native plugins for Editor in 0.00 ms.
Mono: successfully reloaded assembly
- Completed reload, in  0.739 seconds
Platform modules already initialized, skipping
Refreshing native plugins compatible for Editor in 0.31 ms, found 1 plugins.
Preloading 0 native plugins for Editor in 0.00 ms.
Unloading 1806 Unused Serialized files (Serialized files now loaded: 0)
System memory in use before: 89.2 MB.
System memory in use after: 89.2 MB.

Unloading 12 unused Assets to reduce memory usage. Loaded Objects now: 2325.
Total: 1.725200 ms (FindLiveObjects: 0.156600 ms CreateObjectMapping: 0.062200 ms MarkObjects: 1.416300 ms  DeleteObjects: 0.089200 ms)

========================================================================
Received Import Request.
  Time since last request: 659.985592 seconds.
  path: Assets/Distance/Scripts/Drive.cs
  artifactKey: Guid(dd66f09ba5e34a64385556e34367d294) Importer(815301076,1909f56bfc062723c751e8b465ee728b)
Start importing Assets/Distance/Scripts/Drive.cs using Guid(dd66f09ba5e34a64385556e34367d294) Importer(815301076,1909f56bfc062723c751e8b465ee728b)  -> (artifact id: 'e9311a1c456abf9c4020038cc9d14fdb') in 0.004573 seconds
  Import took 0.006867 seconds .

========================================================================
Received Prepare
Registering precompiled user dll's ...
Registered in 0.002004 seconds.
Begin MonoManager ReloadAssembly
Native extension for WindowsStandalone target not found
Native extension for OSXStandalone target not found
Native extension for WebGL target not found
Refreshing native plugins compatible for Editor in 0.71 ms, found 1 plugins.
Preloading 0 native plugins for Editor in 0.00 ms.
Mono: successfully reloaded assembly
- Completed reload, in  0.818 seconds
Platform modules already initialized, skipping
Refreshing native plugins compatible for Editor in 0.31 ms, found 1 plugins.
Preloading 0 native plugins for Editor in 0.00 ms.
Unloading 1806 Unused Serialized files (Serialized files now loaded: 0)
System memory in use before: 89.2 MB.
System memory in use after: 89.2 MB.

Unloading 12 unused Assets to reduce memory usage. Loaded Objects now: 2329.
Total: 1.841700 ms (FindLiveObjects: 0.200600 ms CreateObjectMapping: 0.054100 ms MarkObjects: 1.494900 ms  DeleteObjects: 0.091600 ms)

========================================================================
Received Prepare
Registering precompiled user dll's ...
Registered in 0.001461 seconds.
Begin MonoManager ReloadAssembly
Native extension for WindowsStandalone target not found
Native extension for OSXStandalone target not found
Native extension for WebGL target not found
Refreshing native plugins compatible for Editor in 0.35 ms, found 1 plugins.
Preloading 0 native plugins for Editor in 0.00 ms.
Mono: successfully reloaded assembly
- Completed reload, in  0.916 seconds
Platform modules already initialized, skipping
Refreshing native plugins compatible for Editor in 0.32 ms, found 1 plugins.
Preloading 0 native plugins for Editor in 0.00 ms.
Unloading 1806 Unused Serialized files (Serialized files now loaded: 0)
System memory in use before: 89.2 MB.
System memory in use after: 89.2 MB.

Unloading 12 unused Assets to reduce memory usage. Loaded Objects now: 2333.
Total: 2.114400 ms (FindLiveObjects: 0.336400 ms CreateObjectMapping: 0.124400 ms MarkObjects: 1.544300 ms  DeleteObjects: 0.107600 ms)

========================================================================
Received Prepare
Registering precompiled user dll's ...
Registered in 0.001207 seconds.
Begin MonoManager ReloadAssembly
Native extension for WindowsStandalone target not found
Native extension for OSXStandalone target not found
Native extension for WebGL target not found
Refreshing native plugins compatible for Editor in 0.31 ms, found 1 plugins.
Preloading 0 native plugins for Editor in 0.00 ms.
Mono: successfully reloaded assembly
- Completed reload, in  0.794 seconds
Platform modules already initialized, skipping
Refreshing native plugins compatible for Editor in 0.31 ms, found 1 plugins.
Preloading 0 native plugins for Editor in 0.00 ms.
Unloading 1806 Unused Serialized files (Serialized files now loaded: 0)
System memory in use before: 89.2 MB.
System memory in use after: 89.2 MB.

Unloading 12 unused Assets to reduce memory usage. Loaded Objects now: 2337.
Total: 1.895100 ms (FindLiveObjects: 0.164300 ms CreateObjectMapping: 0.051700 ms MarkObjects: 1.551200 ms  DeleteObjects: 0.127300 ms)

========================================================================
Received Prepare
Registering precompiled user dll's ...
Registered in 0.001936 seconds.
Begin MonoManager ReloadAssembly
Native extension for WindowsStandalone target not found
Native extension for OSXStandalone target not found
Native extension for WebGL target not found
Refreshing native plugins compatible for Editor in 0.32 ms, found 1 plugins.
Preloading 0 native plugins for Editor in 0.00 ms.
Mono: successfully reloaded assembly
- Completed reload, in  0.860 seconds
Platform modules already initialized, skipping
Refreshing native plugins compatible for Editor in 0.39 ms, found 1 plugins.
Preloading 0 native plugins for Editor in 0.00 ms.
Unloading 1806 Unused Serialized files (Serialized files now loaded: 0)
System memory in use before: 89.2 MB.
System memory in use after: 89.2 MB.

Unloading 12 unused Assets to reduce memory usage. Loaded Objects now: 2341.
Total: 1.647400 ms (FindLiveObjects: 0.160700 ms CreateObjectMapping: 0.062000 ms MarkObjects: 1.323500 ms  DeleteObjects: 0.100300 ms)

========================================================================
Received Prepare
Registering precompiled user dll's ...
Registered in 0.001585 seconds.
Begin MonoManager ReloadAssembly
Native extension for WindowsStandalone target not found
Native extension for OSXStandalone target not found
Native extension for WebGL target not found
Refreshing native plugins compatible for Editor in 0.31 ms, found 1 plugins.
Preloading 0 native plugins for Editor in 0.00 ms.
Mono: successfully reloaded assembly
- Completed reload, in  0.787 seconds
Platform modules already initialized, skipping
Refreshing native plugins compatible for Editor in 0.31 ms, found 1 plugins.
Preloading 0 native plugins for Editor in 0.00 ms.
Unloading 1806 Unused Serialized files (Serialized files now loaded: 0)
System memory in use before: 89.2 MB.
System memory in use after: 89.2 MB.

Unloading 12 unused Assets to reduce memory usage. Loaded Objects now: 2345.
Total: 1.996800 ms (FindLiveObjects: 0.236600 ms CreateObjectMapping: 0.091900 ms MarkObjects: 1.559100 ms  DeleteObjects: 0.108300 ms)

========================================================================
Received Prepare
Registering precompiled user dll's ...
Registered in 0.001297 seconds.
Begin MonoManager ReloadAssembly
Native extension for WindowsStandalone target not found
Native extension for OSXStandalone target not found
Native extension for WebGL target not found
Refreshing native plugins compatible for Editor in 0.40 ms, found 1 plugins.
Preloading 0 native plugins for Editor in 0.00 ms.
Mono: successfully reloaded assembly
- Completed reload, in  0.762 seconds
Platform modules already initialized, skipping
Refreshing native plugins compatible for Editor in 0.37 ms, found 1 plugins.
Preloading 0 native plugins for Editor in 0.00 ms.
Unloading 1806 Unused Serialized files (Serialized files now loaded: 0)
System memory in use before: 89.2 MB.
System memory in use after: 89.2 MB.

Unloading 12 unused Assets to reduce memory usage. Loaded Objects now: 2349.
Total: 1.607500 ms (FindLiveObjects: 0.158200 ms CreateObjectMapping: 0.056600 ms MarkObjects: 1.297800 ms  DeleteObjects: 0.094000 ms)

========================================================================
Received Prepare
Registering precompiled user dll's ...
Registered in 0.001124 seconds.
Begin MonoManager ReloadAssembly
Native extension for WindowsStandalone target not found
Native extension for OSXStandalone target not found
Native extension for WebGL target not found
Refreshing native plugins compatible for Editor in 0.47 ms, found 1 plugins.
Preloading 0 native plugins for Editor in 0.00 ms.
Mono: successfully reloaded assembly
- Completed reload, in  0.762 seconds
Platform modules already initialized, skipping
Refreshing native plugins compatible for Editor in 0.38 ms, found 1 plugins.
Preloading 0 native plugins for Editor in 0.00 ms.
Unloading 1806 Unused Serialized files (Serialized files now loaded: 0)
System memory in use before: 89.3 MB.
System memory in use after: 89.2 MB.

Unloading 12 unused Assets to reduce memory usage. Loaded Objects now: 2353.
Total: 1.589400 ms (FindLiveObjects: 0.165800 ms CreateObjectMapping: 0.058400 ms MarkObjects: 1.268600 ms  DeleteObjects: 0.095600 ms)

========================================================================
Received Prepare
Registering precompiled user dll's ...
Registered in 0.001400 seconds.
Begin MonoManager ReloadAssembly
Native extension for WindowsStandalone target not found
Native extension for OSXStandalone target not found
Native extension for WebGL target not found
Refreshing native plugins compatible for Editor in 0.44 ms, found 1 plugins.
Preloading 0 native plugins for Editor in 0.00 ms.
Mono: successfully reloaded assembly
- Completed reload, in  0.880 seconds
Platform modules already initialized, skipping
Refreshing native plugins compatible for Editor in 0.33 ms, found 1 plugins.
Preloading 0 native plugins for Editor in 0.00 ms.
Unloading 1806 Unused Serialized files (Serialized files now loaded: 0)
System memory in use before: 89.3 MB.
System memory in use after: 89.2 MB.

Unloading 12 unused Assets to reduce memory usage. Loaded Objects now: 2357.
Total: 2.005200 ms (FindLiveObjects: 0.197800 ms CreateObjectMapping: 0.093000 ms MarkObjects: 1.598400 ms  DeleteObjects: 0.114800 ms)

========================================================================
Received Prepare
Registering precompiled user dll's ...
Registered in 0.001426 seconds.
Begin MonoManager ReloadAssembly
Native extension for WindowsStandalone target not found
Native extension for OSXStandalone target not found
Native extension for WebGL target not found
Refreshing native plugins compatible for Editor in 0.53 ms, found 1 plugins.
Preloading 0 native plugins for Editor in 0.00 ms.
Mono: successfully reloaded assembly
- Completed reload, in  0.819 seconds
Platform modules already initialized, skipping
Refreshing native plugins compatible for Editor in 0.31 ms, found 1 plugins.
Preloading 0 native plugins for Editor in 0.00 ms.
Unloading 1806 Unused Serialized files (Serialized files now loaded: 0)
System memory in use before: 89.3 MB.
System memory in use after: 89.3 MB.

Unloading 12 unused Assets to reduce memory usage. Loaded Objects now: 2361.
Total: 1.778600 ms (FindLiveObjects: 0.159600 ms CreateObjectMapping: 0.056200 ms MarkObjects: 1.434900 ms  DeleteObjects: 0.127100 ms)

========================================================================
Received Prepare
Registering precompiled user dll's ...
Registered in 0.001182 seconds.
Begin MonoManager ReloadAssembly
Native extension for WindowsStandalone target not found
Native extension for OSXStandalone target not found
Native extension for WebGL target not found
Refreshing native plugins compatible for Editor in 0.31 ms, found 1 plugins.
Preloading 0 native plugins for Editor in 0.00 ms.
Mono: successfully reloaded assembly
- Completed reload, in  0.739 seconds
Platform modules already initialized, skipping
Refreshing native plugins compatible for Editor in 0.31 ms, found 1 plugins.
Preloading 0 native plugins for Editor in 0.00 ms.
Unloading 1806 Unused Serialized files (Serialized files now loaded: 0)
System memory in use before: 89.3 MB.
System memory in use after: 89.3 MB.

Unloading 12 unused Assets to reduce memory usage. Loaded Objects now: 2365.
Total: 1.640700 ms (FindLiveObjects: 0.164000 ms CreateObjectMapping: 0.057400 ms MarkObjects: 1.317700 ms  DeleteObjects: 0.101000 ms)

========================================================================
Received Prepare
Registering precompiled user dll's ...
Registered in 0.001105 seconds.
Begin MonoManager ReloadAssembly
Native extension for WindowsStandalone target not found
Native extension for OSXStandalone target not found
Native extension for WebGL target not found
Refreshing native plugins compatible for Editor in 0.41 ms, found 1 plugins.
Preloading 0 native plugins for Editor in 0.00 ms.
Mono: successfully reloaded assembly
- Completed reload, in  0.797 seconds
Platform modules already initialized, skipping
Refreshing native plugins compatible for Editor in 0.37 ms, found 1 plugins.
Preloading 0 native plugins for Editor in 0.00 ms.
Unloading 1806 Unused Serialized files (Serialized files now loaded: 0)
System memory in use before: 89.3 MB.
System memory in use after: 89.3 MB.

Unloading 12 unused Assets to reduce memory usage. Loaded Objects now: 2369.
Total: 1.636900 ms (FindLiveObjects: 0.153400 ms CreateObjectMapping: 0.058300 ms MarkObjects: 1.293400 ms  DeleteObjects: 0.131300 ms)

AssetImportWorkerClient::OnTransportError - code=2 error=End of file
