Using pre-set license
Built from '2020.3/staging' branch; Version is '2020.3.8f1 (507919d4fff5) revision 5273881'; Using compiler version '192528614'; Build Type 'Release'
OS: 'Windows 10 Education; OS build 19043.1526; Version 2009; 64bit' Language: 'en' Physical Memory: 32603 MB
BatchMode: 1, IsHumanControllingUs: 0, StartBugReporterOnCrash: 0, Is64bit: 1, IsPro: 0

 COMMAND LINE ARGUMENTS:
C:\Program Files\Unity\Editor\Unity.exe
-adb2
-batchMode
-noUpm
-name
AssetImportWorker0
-projectPath
C:/Users/700764/Documents/Unity/Points2DHerreraJoey
-logFile
Logs/AssetImportWorker0.log
-srvPort
50521
Successfully changed project path to: C:/Users/700764/Documents/Unity/Points2DHerreraJoey
C:/Users/700764/Documents/Unity/Points2DHerreraJoey
Using Asset Import Pipeline V2.
Refreshing native plugins compatible for Editor in 31.57 ms, found 1 plugins.
Preloading 0 native plugins for Editor in 0.00 ms.
Initialize engine version: 2020.3.8f1 (507919d4fff5)
[Subsystems] Discovering subsystems at path C:/Program Files/Unity/Editor/Data/Resources/UnitySubsystems
[Subsystems] Discovering subsystems at path C:/Users/700764/Documents/Unity/Points2DHerreraJoey/Assets
GfxDevice: creating device client; threaded=0
Direct3D:
    Version:  Direct3D 11.0 [level 11.1]
    Renderer: NVIDIA GeForce RTX 2070 Super with Max-Q Design (ID=0x1ed1)
    Vendor:   
    VRAM:     8011 MB
    Driver:   27.21.14.5720
Initialize mono
Mono path[0] = 'C:/Program Files/Unity/Editor/Data/Managed'
Mono path[1] = 'C:/Program Files/Unity/Editor/Data/MonoBleedingEdge/lib/mono/unityjit'
Mono config path = 'C:/Program Files/Unity/Editor/Data/MonoBleedingEdge/etc'
Using monoOptions --debugger-agent=transport=dt_socket,embedding=1,server=y,suspend=n,address=127.0.0.1:56092
Begin MonoManager ReloadAssembly
Registering precompiled unity dll's ...
Register platform support module: C:/Program Files/Unity/Editor/Data/PlaybackEngines/WebGLSupport/UnityEditor.WebGL.Extensions.dll
Register platform support module: C:/Program Files/Unity/Editor/Data/PlaybackEngines/MacStandaloneSupport/UnityEditor.OSXStandalone.Extensions.dll
Register platform support module: C:/Program Files/Unity/Editor/Data/PlaybackEngines/WindowsStandaloneSupport/UnityEditor.WindowsStandalone.Extensions.dll
Registered in 0.002416 seconds.
Native extension for WindowsStandalone target not found
Native extension for OSXStandalone target not found
Native extension for WebGL target not found
Refreshing native plugins compatible for Editor in 31.42 ms, found 1 plugins.
Preloading 0 native plugins for Editor in 0.00 ms.
Mono: successfully reloaded assembly
- Completed reload, in  1.039 seconds
Platform modules already initialized, skipping
Registering precompiled user dll's ...
Registered in 0.001031 seconds.
Begin MonoManager ReloadAssembly
Native extension for WindowsStandalone target not found
Native extension for OSXStandalone target not found
Native extension for WebGL target not found
Refreshing native plugins compatible for Editor in 30.24 ms, found 1 plugins.
Preloading 0 native plugins for Editor in 0.00 ms.
Mono: successfully reloaded assembly
- Completed reload, in  0.825 seconds
Platform modules already initialized, skipping
========================================================================
Worker process is ready to serve import requests
Launched and connected shader compiler UnityShaderCompiler.exe after 0.06 seconds
Refreshing native plugins compatible for Editor in 0.31 ms, found 1 plugins.
Preloading 0 native plugins for Editor in 0.00 ms.
Unloading 1811 Unused Serialized files (Serialized files now loaded: 0)
System memory in use before: 85.8 MB.
System memory in use after: 85.8 MB.

Unloading 24 unused Assets to reduce memory usage. Loaded Objects now: 2259.
Total: 1.826600 ms (FindLiveObjects: 0.167500 ms CreateObjectMapping: 0.059000 ms MarkObjects: 1.499700 ms  DeleteObjects: 0.099800 ms)

========================================================================
Received Import Request.
  path: Assets/Moving 2/FreeCharacter
  artifactKey: Guid(72991543a9552b64480a5b3471ee8bca) Importer(815301076,1909f56bfc062723c751e8b465ee728b)
Start importing Assets/Moving 2/FreeCharacter using Guid(72991543a9552b64480a5b3471ee8bca) Importer(815301076,1909f56bfc062723c751e8b465ee728b)  -> (artifact id: '3bb6d8755e12afe3eac7e0366d22a669') in 0.005629 seconds
  Import took 0.007784 seconds .

========================================================================
Received Import Request.
  Time since last request: 2.675372 seconds.
  path: Assets/Moving 2/Materials
  artifactKey: Guid(c81421c2aaffd5a4d93253c6ed873826) Importer(815301076,1909f56bfc062723c751e8b465ee728b)
Start importing Assets/Moving 2/Materials using Guid(c81421c2aaffd5a4d93253c6ed873826) Importer(815301076,1909f56bfc062723c751e8b465ee728b)  -> (artifact id: '55a94540251b787c53137c0a9c20fcca') in 0.002985 seconds
  Import took 0.005971 seconds .

========================================================================
Received Import Request.
  Time since last request: 9.145399 seconds.
  path: Assets/Scenes/Moving 2.unity
  artifactKey: Guid(7441314c9b3bcb447a129b824b382440) Importer(815301076,1909f56bfc062723c751e8b465ee728b)
Start importing Assets/Scenes/Moving 2.unity using Guid(7441314c9b3bcb447a129b824b382440) Importer(815301076,1909f56bfc062723c751e8b465ee728b)  -> (artifact id: 'dc49aa552911fdda265f22c8c7c4de97') in 0.012778 seconds
  Import took 0.015195 seconds .

========================================================================
Received Import Request.
  Time since last request: 12.978369 seconds.
  path: Assets/Scenes/TankStarter.unity
  artifactKey: Guid(571359fbddd0a4f499f18e3f86f5be37) Importer(815301076,1909f56bfc062723c751e8b465ee728b)
Start importing Assets/Scenes/TankStarter.unity using Guid(571359fbddd0a4f499f18e3f86f5be37) Importer(815301076,1909f56bfc062723c751e8b465ee728b)  -> (artifact id: '6feaa8b5b31162866076b1775f99a1f9') in 0.006023 seconds
  Import took 0.008828 seconds .

========================================================================
Received Prepare
Registering precompiled user dll's ...
Registered in 0.001014 seconds.
Begin MonoManager ReloadAssembly
Native extension for WindowsStandalone target not found
Native extension for OSXStandalone target not found
Native extension for WebGL target not found
Refreshing native plugins compatible for Editor in 0.30 ms, found 1 plugins.
Preloading 0 native plugins for Editor in 0.00 ms.
Mono: successfully reloaded assembly
- Completed reload, in  0.765 seconds
Platform modules already initialized, skipping
Refreshing native plugins compatible for Editor in 0.31 ms, found 1 plugins.
Preloading 0 native plugins for Editor in 0.00 ms.
Unloading 1806 Unused Serialized files (Serialized files now loaded: 0)
System memory in use before: 85.8 MB.
System memory in use after: 85.8 MB.

Unloading 12 unused Assets to reduce memory usage. Loaded Objects now: 2263.
Total: 1.732800 ms (FindLiveObjects: 0.153300 ms CreateObjectMapping: 0.062000 ms MarkObjects: 1.417600 ms  DeleteObjects: 0.098800 ms)

========================================================================
Received Import Request.
  Time since last request: 24.931880 seconds.
  path: Assets/Scenes/TankStarter 1.unity
  artifactKey: Guid(dcd579ef895ea6b4289c5712201b09f6) Importer(815301076,1909f56bfc062723c751e8b465ee728b)
Start importing Assets/Scenes/TankStarter 1.unity using Guid(dcd579ef895ea6b4289c5712201b09f6) Importer(815301076,1909f56bfc062723c751e8b465ee728b)  -> (artifact id: '4047684551b00fa990ea44c653bf7a7b') in 0.009825 seconds
  Import took 0.012203 seconds .

========================================================================
Received Import Request.
  Time since last request: 25.170916 seconds.
  path: Assets/Scenes/TankDot.unity
  artifactKey: Guid(dcd579ef895ea6b4289c5712201b09f6) Importer(815301076,1909f56bfc062723c751e8b465ee728b)
Start importing Assets/Scenes/TankDot.unity using Guid(dcd579ef895ea6b4289c5712201b09f6) Importer(815301076,1909f56bfc062723c751e8b465ee728b)  -> (artifact id: '38cd3f37bf262afc7fb0e7f5a298b4ec') in 0.003313 seconds
  Import took 0.005839 seconds .

========================================================================
Received Import Request.
  Time since last request: 13.103633 seconds.
  path: Assets/Scenes/TankDotProduct.unity
  artifactKey: Guid(dcd579ef895ea6b4289c5712201b09f6) Importer(815301076,1909f56bfc062723c751e8b465ee728b)
Start importing Assets/Scenes/TankDotProduct.unity using Guid(dcd579ef895ea6b4289c5712201b09f6) Importer(815301076,1909f56bfc062723c751e8b465ee728b)  -> (artifact id: '9265defd4d3933d4e7de48485e3800d3') in 0.003017 seconds
  Import took 0.005465 seconds .

========================================================================
Received Import Request.
  Time since last request: 3.021039 seconds.
  path: Assets/Distance/Textures/Dirt.png
  artifactKey: Guid(251e544f0d66d334b9dbb3a5ff020b23) Importer(815301076,1909f56bfc062723c751e8b465ee728b)
Start importing Assets/Distance/Textures/Dirt.png using Guid(251e544f0d66d334b9dbb3a5ff020b23) Importer(815301076,1909f56bfc062723c751e8b465ee728b)  -> (artifact id: 'dc275d2a231f40ad91150d3ce4c0c13f') in 0.101744 seconds
  Import took 0.104636 seconds .

========================================================================
Received Import Request.
  Time since last request: 0.000201 seconds.
  path: Assets/Distance/Textures/LargeTank.png
  artifactKey: Guid(0424676efd6c39b43b4b9b501cb5fb29) Importer(815301076,1909f56bfc062723c751e8b465ee728b)
Start importing Assets/Distance/Textures/LargeTank.png using Guid(0424676efd6c39b43b4b9b501cb5fb29) Importer(815301076,1909f56bfc062723c751e8b465ee728b)  -> (artifact id: 'a71faa7703bb162a7744275ac1ae4577') in 0.009942 seconds
  Import took 0.012742 seconds .

========================================================================
Received Import Request.
  Time since last request: 0.000230 seconds.
  path: Assets/Distance/Textures/Fuel-icon.png
  artifactKey: Guid(6976ccfd2aaa1814b84cd243f79e04f4) Importer(815301076,1909f56bfc062723c751e8b465ee728b)
Start importing Assets/Distance/Textures/Fuel-icon.png using Guid(6976ccfd2aaa1814b84cd243f79e04f4) Importer(815301076,1909f56bfc062723c751e8b465ee728b)  -> (artifact id: '4272eb50ff91ecee650400194675066e') in 0.009622 seconds
  Import took 0.012373 seconds .

========================================================================
Received Import Request.
  Time since last request: 6.357589 seconds.
  path: Assets/Distance/Scripts/Drive.cs
  artifactKey: Guid(dd66f09ba5e34a64385556e34367d294) Importer(815301076,1909f56bfc062723c751e8b465ee728b)
Start importing Assets/Distance/Scripts/Drive.cs using Guid(dd66f09ba5e34a64385556e34367d294) Importer(815301076,1909f56bfc062723c751e8b465ee728b)  -> (artifact id: 'f400e91a46c9926475e1dcdd8151195c') in 0.008704 seconds
  Import took 0.011424 seconds .

========================================================================
Received Import Request.
  Time since last request: 0.024466 seconds.
  path: Assets/Distance/Scripts/Drive.cs
  artifactKey: Guid(dd66f09ba5e34a64385556e34367d294) Importer(815301076,1909f56bfc062723c751e8b465ee728b)
Start importing Assets/Distance/Scripts/Drive.cs using Guid(dd66f09ba5e34a64385556e34367d294) Importer(815301076,1909f56bfc062723c751e8b465ee728b)  -> (artifact id: 'f400e91a46c9926475e1dcdd8151195c') in 0.003135 seconds
  Import took 0.005923 seconds .

========================================================================
Received Import Request.
  Time since last request: 8.204414 seconds.
  path: Assets/Distance/Scripts/Drive1.cs
  artifactKey: Guid(39cab38d9206cf643b14ad085d4c9c86) Importer(815301076,1909f56bfc062723c751e8b465ee728b)
Start importing Assets/Distance/Scripts/Drive1.cs using Guid(39cab38d9206cf643b14ad085d4c9c86) Importer(815301076,1909f56bfc062723c751e8b465ee728b)  -> (artifact id: '46cc51186aa339edb9574d01748efc3b') in 0.003270 seconds
  Import took 0.006249 seconds .

========================================================================
Received Import Request.
  Time since last request: 34.372534 seconds.
  path: Assets/Distance/Scripts/Drive 2.cs
  artifactKey: Guid(39cab38d9206cf643b14ad085d4c9c86) Importer(815301076,1909f56bfc062723c751e8b465ee728b)
Start importing Assets/Distance/Scripts/Drive 2.cs using Guid(39cab38d9206cf643b14ad085d4c9c86) Importer(815301076,1909f56bfc062723c751e8b465ee728b)  -> (artifact id: 'd56197378391966c88035bef4997955a') in 0.002985 seconds
  Import took 0.005568 seconds .

========================================================================
Received Prepare
Registering precompiled user dll's ...
Registered in 0.001011 seconds.
Begin MonoManager ReloadAssembly
Native extension for WindowsStandalone target not found
Native extension for OSXStandalone target not found
Native extension for WebGL target not found
Refreshing native plugins compatible for Editor in 0.30 ms, found 1 plugins.
Preloading 0 native plugins for Editor in 0.00 ms.
Mono: successfully reloaded assembly
- Completed reload, in  0.755 seconds
Platform modules already initialized, skipping
Refreshing native plugins compatible for Editor in 0.30 ms, found 1 plugins.
Preloading 0 native plugins for Editor in 0.00 ms.
Unloading 1807 Unused Serialized files (Serialized files now loaded: 0)
System memory in use before: 88.9 MB.
System memory in use after: 88.9 MB.

Unloading 12 unused Assets to reduce memory usage. Loaded Objects now: 2274.
Total: 1.597400 ms (FindLiveObjects: 0.161400 ms CreateObjectMapping: 0.059600 ms MarkObjects: 1.291500 ms  DeleteObjects: 0.084100 ms)

========================================================================
Received Import Request.
  Time since last request: 43.257524 seconds.
  path: Assets/Distance/Scripts/Drive 2.cs
  artifactKey: Guid(39cab38d9206cf643b14ad085d4c9c86) Importer(815301076,1909f56bfc062723c751e8b465ee728b)
Start importing Assets/Distance/Scripts/Drive 2.cs using Guid(39cab38d9206cf643b14ad085d4c9c86) Importer(815301076,1909f56bfc062723c751e8b465ee728b)  -> (artifact id: 'ebb547cb10a7012971e6cfa7732746c5') in 0.004543 seconds
  Import took 0.006775 seconds .

========================================================================
Received Prepare
Registering precompiled user dll's ...
Registered in 0.001147 seconds.
Begin MonoManager ReloadAssembly
Native extension for WindowsStandalone target not found
Native extension for OSXStandalone target not found
Native extension for WebGL target not found
Refreshing native plugins compatible for Editor in 0.30 ms, found 1 plugins.
Preloading 0 native plugins for Editor in 0.00 ms.
Mono: successfully reloaded assembly
- Completed reload, in  0.742 seconds
Platform modules already initialized, skipping
Refreshing native plugins compatible for Editor in 0.30 ms, found 1 plugins.
Preloading 0 native plugins for Editor in 0.00 ms.
Unloading 1806 Unused Serialized files (Serialized files now loaded: 0)
System memory in use before: 88.9 MB.
System memory in use after: 88.9 MB.

Unloading 13 unused Assets to reduce memory usage. Loaded Objects now: 2277.
Total: 1.690600 ms (FindLiveObjects: 0.148400 ms CreateObjectMapping: 0.059500 ms MarkObjects: 1.355400 ms  DeleteObjects: 0.126500 ms)

========================================================================
Received Import Request.
  Time since last request: 110.049827 seconds.
  path: Assets/Scenes/TankDotProduct.unity
  artifactKey: Guid(dcd579ef895ea6b4289c5712201b09f6) Importer(815301076,1909f56bfc062723c751e8b465ee728b)
Start importing Assets/Scenes/TankDotProduct.unity using Guid(dcd579ef895ea6b4289c5712201b09f6) Importer(815301076,1909f56bfc062723c751e8b465ee728b)  -> (artifact id: 'da9a06eead1b5f8c6be69c3b23b86957') in 0.012385 seconds
  Import took 0.014852 seconds .

========================================================================
Received Prepare
Registering precompiled user dll's ...
Registered in 0.001004 seconds.
Begin MonoManager ReloadAssembly
Native extension for WindowsStandalone target not found
Native extension for OSXStandalone target not found
Native extension for WebGL target not found
Refreshing native plugins compatible for Editor in 0.30 ms, found 1 plugins.
Preloading 0 native plugins for Editor in 0.00 ms.
Mono: successfully reloaded assembly
- Completed reload, in  0.762 seconds
Platform modules already initialized, skipping
Refreshing native plugins compatible for Editor in 0.30 ms, found 1 plugins.
Preloading 0 native plugins for Editor in 0.00 ms.
Unloading 1806 Unused Serialized files (Serialized files now loaded: 0)
System memory in use before: 89.0 MB.
System memory in use after: 88.9 MB.

Unloading 12 unused Assets to reduce memory usage. Loaded Objects now: 2281.
Total: 1.679600 ms (FindLiveObjects: 0.165700 ms CreateObjectMapping: 0.065700 ms MarkObjects: 1.340300 ms  DeleteObjects: 0.086000 ms)

========================================================================
Received Import Request.
  Time since last request: 477.378558 seconds.
  path: Assets/Distance/Scripts/Drive.cs
  artifactKey: Guid(dd66f09ba5e34a64385556e34367d294) Importer(815301076,1909f56bfc062723c751e8b465ee728b)
Start importing Assets/Distance/Scripts/Drive.cs using Guid(dd66f09ba5e34a64385556e34367d294) Importer(815301076,1909f56bfc062723c751e8b465ee728b)  -> (artifact id: '3e0e00328db9c15413211482adc1c5a6') in 0.004473 seconds
  Import took 0.007070 seconds .

========================================================================
Received Import Request.
  Time since last request: 0.034602 seconds.
  path: Assets/Distance/Scripts/Drive.cs
  artifactKey: Guid(dd66f09ba5e34a64385556e34367d294) Importer(815301076,1909f56bfc062723c751e8b465ee728b)
Start importing Assets/Distance/Scripts/Drive.cs using Guid(dd66f09ba5e34a64385556e34367d294) Importer(815301076,1909f56bfc062723c751e8b465ee728b)  -> (artifact id: '3e0e00328db9c15413211482adc1c5a6') in 0.003365 seconds
  Import took 0.005814 seconds .

========================================================================
Received Prepare
Registering precompiled user dll's ...
Registered in 0.001222 seconds.
Begin MonoManager ReloadAssembly
Native extension for WindowsStandalone target not found
Native extension for OSXStandalone target not found
Native extension for WebGL target not found
Refreshing native plugins compatible for Editor in 0.31 ms, found 1 plugins.
Preloading 0 native plugins for Editor in 0.00 ms.
Mono: successfully reloaded assembly
- Completed reload, in  0.809 seconds
Platform modules already initialized, skipping
Refreshing native plugins compatible for Editor in 0.31 ms, found 1 plugins.
Preloading 0 native plugins for Editor in 0.00 ms.
Unloading 1806 Unused Serialized files (Serialized files now loaded: 0)
System memory in use before: 89.0 MB.
System memory in use after: 88.9 MB.

Unloading 12 unused Assets to reduce memory usage. Loaded Objects now: 2285.
Total: 1.711400 ms (FindLiveObjects: 0.155000 ms CreateObjectMapping: 0.062200 ms MarkObjects: 1.330000 ms  DeleteObjects: 0.163300 ms)

========================================================================
Received Import Request.
  Time since last request: 70.203169 seconds.
  path: Assets/Distance/Scripts/Drive.cs
  artifactKey: Guid(dd66f09ba5e34a64385556e34367d294) Importer(815301076,1909f56bfc062723c751e8b465ee728b)
Start importing Assets/Distance/Scripts/Drive.cs using Guid(dd66f09ba5e34a64385556e34367d294) Importer(815301076,1909f56bfc062723c751e8b465ee728b)  -> (artifact id: 'de092f6b4fda7b7a9c6ce71e5cd1b8a1') in 0.004863 seconds
  Import took 0.007335 seconds .

========================================================================
Received Import Request.
  Time since last request: 0.031840 seconds.
  path: Assets/Distance/Scripts/Drive.cs
  artifactKey: Guid(dd66f09ba5e34a64385556e34367d294) Importer(815301076,1909f56bfc062723c751e8b465ee728b)
Start importing Assets/Distance/Scripts/Drive.cs using Guid(dd66f09ba5e34a64385556e34367d294) Importer(815301076,1909f56bfc062723c751e8b465ee728b)  -> (artifact id: 'de092f6b4fda7b7a9c6ce71e5cd1b8a1') in 0.002788 seconds
  Import took 0.005596 seconds .

========================================================================
Received Prepare
Registering precompiled user dll's ...
Registered in 0.000948 seconds.
Begin MonoManager ReloadAssembly
Native extension for WindowsStandalone target not found
Native extension for OSXStandalone target not found
Native extension for WebGL target not found
Refreshing native plugins compatible for Editor in 0.32 ms, found 1 plugins.
Preloading 0 native plugins for Editor in 0.00 ms.
Mono: successfully reloaded assembly
- Completed reload, in  0.778 seconds
Platform modules already initialized, skipping
Refreshing native plugins compatible for Editor in 0.30 ms, found 1 plugins.
Preloading 0 native plugins for Editor in 0.00 ms.
Unloading 1806 Unused Serialized files (Serialized files now loaded: 0)
System memory in use before: 89.0 MB.
System memory in use after: 89.0 MB.

Unloading 12 unused Assets to reduce memory usage. Loaded Objects now: 2289.
Total: 1.599500 ms (FindLiveObjects: 0.153800 ms CreateObjectMapping: 0.058200 ms MarkObjects: 1.293500 ms  DeleteObjects: 0.093200 ms)

========================================================================
Received Prepare
Registering precompiled user dll's ...
Registered in 0.001004 seconds.
Begin MonoManager ReloadAssembly
Native extension for WindowsStandalone target not found
Native extension for OSXStandalone target not found
Native extension for WebGL target not found
Refreshing native plugins compatible for Editor in 0.31 ms, found 1 plugins.
Preloading 0 native plugins for Editor in 0.00 ms.
Mono: successfully reloaded assembly
- Completed reload, in  0.739 seconds
Platform modules already initialized, skipping
Refreshing native plugins compatible for Editor in 0.35 ms, found 1 plugins.
Preloading 0 native plugins for Editor in 0.00 ms.
Unloading 1806 Unused Serialized files (Serialized files now loaded: 0)
System memory in use before: 89.0 MB.
System memory in use after: 89.0 MB.

Unloading 12 unused Assets to reduce memory usage. Loaded Objects now: 2293.
Total: 1.747100 ms (FindLiveObjects: 0.160800 ms CreateObjectMapping: 0.071200 ms MarkObjects: 1.404300 ms  DeleteObjects: 0.110100 ms)

========================================================================
Received Import Request.
  Time since last request: 96.123678 seconds.
  path: Assets/Distance/Scripts/Drive.cs
  artifactKey: Guid(dd66f09ba5e34a64385556e34367d294) Importer(815301076,1909f56bfc062723c751e8b465ee728b)
Start importing Assets/Distance/Scripts/Drive.cs using Guid(dd66f09ba5e34a64385556e34367d294) Importer(815301076,1909f56bfc062723c751e8b465ee728b)  -> (artifact id: 'a20dc02ff3f481ecb378ca76eb87423f') in 0.004686 seconds
  Import took 0.009835 seconds .

========================================================================
Received Prepare
Registering precompiled user dll's ...
Registered in 0.001185 seconds.
Begin MonoManager ReloadAssembly
Native extension for WindowsStandalone target not found
Native extension for OSXStandalone target not found
Native extension for WebGL target not found
Refreshing native plugins compatible for Editor in 0.33 ms, found 1 plugins.
Preloading 0 native plugins for Editor in 0.00 ms.
Mono: successfully reloaded assembly
- Completed reload, in  0.776 seconds
Platform modules already initialized, skipping
Refreshing native plugins compatible for Editor in 0.31 ms, found 1 plugins.
Preloading 0 native plugins for Editor in 0.00 ms.
Unloading 1806 Unused Serialized files (Serialized files now loaded: 0)
System memory in use before: 89.0 MB.
System memory in use after: 89.0 MB.

Unloading 12 unused Assets to reduce memory usage. Loaded Objects now: 2297.
Total: 1.711800 ms (FindLiveObjects: 0.166400 ms CreateObjectMapping: 0.054000 ms MarkObjects: 1.397400 ms  DeleteObjects: 0.092900 ms)

========================================================================
Received Import Request.
  Time since last request: 737.073538 seconds.
  path: Assets/Distance/Scripts/Drive.cs
  artifactKey: Guid(dd66f09ba5e34a64385556e34367d294) Importer(815301076,1909f56bfc062723c751e8b465ee728b)
Start importing Assets/Distance/Scripts/Drive.cs using Guid(dd66f09ba5e34a64385556e34367d294) Importer(815301076,1909f56bfc062723c751e8b465ee728b)  -> (artifact id: 'fddf49c96ef1303060ced529b46f1c47') in 0.005637 seconds
  Import took 0.008160 seconds .

========================================================================
Received Import Request.
  Time since last request: 0.032696 seconds.
  path: Assets/Distance/Scripts/Drive.cs
  artifactKey: Guid(dd66f09ba5e34a64385556e34367d294) Importer(815301076,1909f56bfc062723c751e8b465ee728b)
Start importing Assets/Distance/Scripts/Drive.cs using Guid(dd66f09ba5e34a64385556e34367d294) Importer(815301076,1909f56bfc062723c751e8b465ee728b)  -> (artifact id: 'fddf49c96ef1303060ced529b46f1c47') in 0.003212 seconds
  Import took 0.005770 seconds .

========================================================================
Received Prepare
Registering precompiled user dll's ...
Registered in 0.001071 seconds.
Begin MonoManager ReloadAssembly
Native extension for WindowsStandalone target not found
Native extension for OSXStandalone target not found
Native extension for WebGL target not found
Refreshing native plugins compatible for Editor in 0.32 ms, found 1 plugins.
Preloading 0 native plugins for Editor in 0.00 ms.
Mono: successfully reloaded assembly
- Completed reload, in  0.744 seconds
Platform modules already initialized, skipping
Refreshing native plugins compatible for Editor in 0.30 ms, found 1 plugins.
Preloading 0 native plugins for Editor in 0.00 ms.
Unloading 1806 Unused Serialized files (Serialized files now loaded: 0)
System memory in use before: 89.0 MB.
System memory in use after: 89.0 MB.

Unloading 12 unused Assets to reduce memory usage. Loaded Objects now: 2301.
Total: 1.636400 ms (FindLiveObjects: 0.145700 ms CreateObjectMapping: 0.056800 ms MarkObjects: 1.310900 ms  DeleteObjects: 0.122500 ms)

========================================================================
Received Import Request.
  Time since last request: 44.501642 seconds.
  path: Assets/Distance/Scripts/Drive.cs
  artifactKey: Guid(dd66f09ba5e34a64385556e34367d294) Importer(815301076,1909f56bfc062723c751e8b465ee728b)
Start importing Assets/Distance/Scripts/Drive.cs using Guid(dd66f09ba5e34a64385556e34367d294) Importer(815301076,1909f56bfc062723c751e8b465ee728b)  -> (artifact id: '39c48a2f283e769c86c84bd9d4f1ad83') in 0.004223 seconds
  Import took 0.006416 seconds .

========================================================================
Received Prepare
Registering precompiled user dll's ...
Registered in 0.001122 seconds.
Begin MonoManager ReloadAssembly
Native extension for WindowsStandalone target not found
Native extension for OSXStandalone target not found
Native extension for WebGL target not found
Refreshing native plugins compatible for Editor in 0.34 ms, found 1 plugins.
Preloading 0 native plugins for Editor in 0.00 ms.
Mono: successfully reloaded assembly
- Completed reload, in  0.774 seconds
Platform modules already initialized, skipping
Refreshing native plugins compatible for Editor in 0.31 ms, found 1 plugins.
Preloading 0 native plugins for Editor in 0.00 ms.
Unloading 1806 Unused Serialized files (Serialized files now loaded: 0)
System memory in use before: 89.0 MB.
System memory in use after: 89.0 MB.

Unloading 12 unused Assets to reduce memory usage. Loaded Objects now: 2305.
Total: 1.890800 ms (FindLiveObjects: 0.214100 ms CreateObjectMapping: 0.113100 ms MarkObjects: 1.460700 ms  DeleteObjects: 0.101800 ms)

AssetImportWorkerClient::OnTransportError - code=2 error=End of file
